<?xml version="1.0" encoding="UTF-8"?>
<testng-results ignored="0" total="4" passed="4" failed="0" skipped="0">
  <reporter-output>
  </reporter-output>
  <suite started-at="2022-07-03T22:41:32 IST" name="TestNG Automation suite" finished-at="2022-07-03T22:45:42 IST" duration-ms="249456">
    <groups>
    </groups>
    <test started-at="2022-07-03T22:41:32 IST" name="TestNG Automation test" finished-at="2022-07-03T22:45:42 IST" duration-ms="249456">
      <class name="com.yagna.qa.tests.DashboardPageTest">
        <test-method is-config="true" signature="setUp()[pri:0, instance:com.yagna.qa.tests.DashboardPageTest@23c30a20]" started-at="2022-07-03T22:44:32 IST" name="setUp" finished-at="2022-07-03T22:45:34 IST" duration-ms="61580" status="PASS">
          <reporter-output>
          </reporter-output>
        </test-method> <!-- setUp -->
        <test-method signature="validateDashboardPageTitle()[pri:1, instance:com.yagna.qa.tests.DashboardPageTest@23c30a20]" started-at="2022-07-03T22:45:34 IST" name="validateDashboardPageTitle" finished-at="2022-07-03T22:45:41 IST" duration-ms="7634" status="PASS">
          <reporter-output>
          </reporter-output>
        </test-method> <!-- validateDashboardPageTitle -->
        <test-method is-config="true" signature="tearDown()[pri:0, instance:com.yagna.qa.tests.DashboardPageTest@23c30a20]" started-at="2022-07-03T22:45:41 IST" name="tearDown" finished-at="2022-07-03T22:45:42 IST" duration-ms="185" status="PASS">
          <reporter-output>
          </reporter-output>
        </test-method> <!-- tearDown -->
      </class> <!-- com.yagna.qa.tests.DashboardPageTest -->
      <class name="com.yagna.qa.tests.LoginPageTest">
        <test-method is-config="true" signature="setUp()[pri:0, instance:com.yagna.qa.tests.LoginPageTest@6283d8b8]" started-at="2022-07-03T22:41:32 IST" name="setUp" finished-at="2022-07-03T22:42:32 IST" duration-ms="59797" status="PASS">
          <reporter-output>
          </reporter-output>
        </test-method> <!-- setUp -->
        <test-method signature="loginPageTitleTest()[pri:1, instance:com.yagna.qa.tests.LoginPageTest@6283d8b8]" started-at="2022-07-03T22:42:32 IST" name="loginPageTitleTest" finished-at="2022-07-03T22:42:32 IST" duration-ms="60" status="PASS">
          <reporter-output>
          </reporter-output>
        </test-method> <!-- loginPageTitleTest -->
        <test-method is-config="true" signature="tearDown()[pri:0, instance:com.yagna.qa.tests.LoginPageTest@6283d8b8]" started-at="2022-07-03T22:42:32 IST" name="tearDown" finished-at="2022-07-03T22:42:32 IST" duration-ms="172" status="PASS">
          <reporter-output>
          </reporter-output>
        </test-method> <!-- tearDown -->
        <test-method is-config="true" signature="setUp()[pri:0, instance:com.yagna.qa.tests.LoginPageTest@6283d8b8]" started-at="2022-07-03T22:42:32 IST" name="setUp" finished-at="2022-07-03T22:43:31 IST" duration-ms="58507" status="PASS">
          <reporter-output>
          </reporter-output>
        </test-method> <!-- setUp -->
        <test-method signature="yagnaLogoTest()[pri:2, instance:com.yagna.qa.tests.LoginPageTest@6283d8b8]" started-at="2022-07-03T22:43:31 IST" name="yagnaLogoTest" finished-at="2022-07-03T22:43:31 IST" duration-ms="138" status="PASS">
          <reporter-output>
          </reporter-output>
        </test-method> <!-- yagnaLogoTest -->
        <test-method is-config="true" signature="tearDown()[pri:0, instance:com.yagna.qa.tests.LoginPageTest@6283d8b8]" started-at="2022-07-03T22:43:31 IST" name="tearDown" finished-at="2022-07-03T22:43:31 IST" duration-ms="196" status="PASS">
          <reporter-output>
          </reporter-output>
        </test-method> <!-- tearDown -->
        <test-method is-config="true" signature="setUp()[pri:0, instance:com.yagna.qa.tests.LoginPageTest@6283d8b8]" started-at="2022-07-03T22:43:31 IST" name="setUp" finished-at="2022-07-03T22:44:31 IST" duration-ms="60343" status="PASS">
          <reporter-output>
          </reporter-output>
        </test-method> <!-- setUp -->
        <test-method signature="loginTest()[pri:3, instance:com.yagna.qa.tests.LoginPageTest@6283d8b8]" started-at="2022-07-03T22:44:31 IST" name="loginTest" finished-at="2022-07-03T22:44:32 IST" duration-ms="580" status="PASS">
          <reporter-output>
          </reporter-output>
        </test-method> <!-- loginTest -->
        <test-method is-config="true" signature="tearDown()[pri:0, instance:com.yagna.qa.tests.LoginPageTest@6283d8b8]" started-at="2022-07-03T22:44:32 IST" name="tearDown" finished-at="2022-07-03T22:44:32 IST" duration-ms="204" status="PASS">
          <reporter-output>
          </reporter-output>
        </test-method> <!-- tearDown -->
      </class> <!-- com.yagna.qa.tests.LoginPageTest -->
    </test> <!-- TestNG Automation test -->
  </suite> <!-- TestNG Automation suite -->
</testng-results>
