<?xml version="1.0" encoding="UTF-8"?>
<!-- Generated by org.testng.reporters.JUnitXMLReporter -->
<testsuite ignored="0" hostname="yagna-Latitude-E5550" failures="0" tests="4" name="TestNG Automation test" time="249.456" errors="0" timestamp="2022-07-03T22:45:42 IST">
  <testcase classname="com.yagna.qa.tests.LoginPageTest" name="loginPageTitleTest" time="0.06"/>
  <testcase classname="com.yagna.qa.tests.LoginPageTest" name="yagnaLogoTest" time="0.138"/>
  <testcase classname="com.yagna.qa.tests.LoginPageTest" name="loginTest" time="0.58"/>
  <testcase classname="com.yagna.qa.tests.DashboardPageTest" name="validateDashboardPageTitle" time="7.634"/>
</testsuite> <!-- TestNG Automation test -->
